<?xml version="1.0" encoding="UTF-8"?>
<!-- Generated by org.testng.reporters.JUnitReportReporter -->
<testsuite hostname="352QuocTT" name="demo.testcase.VerifyLoginPage" tests="1" failures="0" timestamp="12 Jul 2018 05:05:15 GMT" time="3.552" errors="0">
  <testcase name="checkContentDisplay" time="3.552" classname="demo.testcase.VerifyLoginPage"/>
</testsuite>
