<?xml version="1.0" encoding="UTF-8"?>
<!-- Generated by org.testng.reporters.JUnitReportReporter -->
<testsuite hostname="Quoc_Nha" name="HelloWorldRestAssured" tests="1" failures="0" timestamp="12 Jul 2018 10:36:15 GMT" time="2,016" errors="0">
  <testcase name="makeSureThatGoogleIsUp" time="2,016" classname="HelloWorldRestAssured"/>
</testsuite>
