<?xml version="1.0" encoding="UTF-8"?>
<!-- Generated by org.testng.reporters.JUnitReportReporter -->
<testsuite hostname="Quoc_Nha" name="demo.testcase.test" tests="1" failures="0" timestamp="10 Jul 2018 15:00:59 GMT" time="0,011" errors="0">
  <testcase name="f" time="0,011" classname="demo.testcase.test"/>
</testsuite>
